# JRE version: OpenJDK Runtime Environment (8.0_242-b01) (build 1.8.0_242-release-1644-b01)
# Java VM: OpenJDK 64-Bit Server VM (25.242-b01 mixed mode windows-amd64 compressed oops)
Heap:
 PSYoungGen      total 233472K, used 132991K [0x00000000d5580000, 0x00000000eba00000, 0x0000000100000000)
  eden space 218112K, 53% used [0x00000000d5580000,0x00000000dc860880,0x00000000e2a80000)
  from space 15360K, 99% used [0x00000000e2a80000,0x00000000e397f6b8,0x00000000e3980000)
  to   space 18944K, 0% used [0x00000000ea780000,0x00000000ea780000,0x00000000eba00000)
 ParOldGen       total 141312K, used 17631K [0x0000000080000000, 0x0000000088a00000, 0x00000000d5580000)
  object space 141312K, 12% used [0x0000000080000000,0x0000000081137f00,0x0000000088a00000)
 Metaspace       used 55129K, capacity 57494K, committed 57640K, reserved 1099776K
  class space    used 7508K, capacity 7978K, committed 7984K, reserved 1048576K
GC Heap History (10 events):
Event: 1.890 GC heap before
{Heap before GC invocations=5 (full 1):
 PSYoungGen      total 140800K, used 7469K [0x00000000d5580000, 0x00000000de980000, 0x0000000100000000)
  eden space 130048K, 0% used [0x00000000d5580000,0x00000000d5580000,0x00000000dd480000)
  from space 10752K, 69% used [0x00000000ddf00000,0x00000000de64b4a0,0x00000000de980000)
  to   space 10752K, 0% used [0x00000000dd480000,0x00000000dd480000,0x00000000ddf00000)
 ParOldGen       total 173568K, used 871K [0x0000000080000000, 0x000000008a980000, 0x00000000d5580000)
  object space 173568K, 0% used [0x0000000080000000,0x00000000800d9ea8,0x000000008a980000)
 Metaspace       used 20581K, capacity 21224K, committed 21296K, reserved 1067008K
  class space    used 2878K, capacity 3076K, committed 3120K, reserved 1048576K
Event: 1.911 GC heap after
Heap after GC invocations=5 (full 1):
 PSYoungGen      total 140800K, used 0K [0x00000000d5580000, 0x00000000de980000, 0x0000000100000000)
  eden space 130048K, 0% used [0x00000000d5580000,0x00000000d5580000,0x00000000dd480000)
  from space 10752K, 0% used [0x00000000ddf00000,0x00000000ddf00000,0x00000000de980000)
  to   space 10752K, 0% used [0x00000000dd480000,0x00000000dd480000,0x00000000ddf00000)
 ParOldGen       total 92672K, used 7235K [0x0000000080000000, 0x0000000085a80000, 0x00000000d5580000)
  object space 92672K, 7% used [0x0000000080000000,0x0000000080710d50,0x0000000085a80000)
 Metaspace       used 20581K, capacity 21224K, committed 21296K, reserved 1067008K
  class space    used 2878K, capacity 3076K, committed 3120K, reserved 1048576K
}
Event: 2.733 GC heap before
{Heap before GC invocations=6 (full 1):
 PSYoungGen      total 140800K, used 130048K [0x00000000d5580000, 0x00000000de980000, 0x0000000100000000)
  eden space 130048K, 100% used [0x00000000d5580000,0x00000000dd480000,0x00000000dd480000)
  from space 10752K, 0% used [0x00000000ddf00000,0x00000000ddf00000,0x00000000de980000)
  to   space 10752K, 0% used [0x00000000dd480000,0x00000000dd480000,0x00000000ddf00000)
 ParOldGen       total 92672K, used 7235K [0x0000000080000000, 0x0000000085a80000, 0x00000000d5580000)
  object space 92672K, 7% used [0x0000000080000000,0x0000000080710d50,0x0000000085a80000)
 Metaspace       used 32756K, capacity 33764K, committed 33968K, reserved 1079296K
  class space    used 4476K, capacity 4718K, committed 4784K, reserved 1048576K
Event: 2.742 GC heap after
Heap after GC invocations=6 (full 1):
 PSYoungGen      total 140800K, used 10733K [0x00000000d5580000, 0x00000000e4900000, 0x0000000100000000)
  eden space 130048K, 0% used [0x00000000d5580000,0x00000000d5580000,0x00000000dd480000)
  from space 10752K, 99% used [0x00000000dd480000,0x00000000ddefb560,0x00000000ddf00000)
  to   space 15872K, 0% used [0x00000000e3980000,0x00000000e3980000,0x00000000e4900000)
 ParOldGen       total 92672K, used 10678K [0x0000000080000000, 0x0000000085a80000, 0x00000000d5580000)
  object space 92672K, 11% used [0x0000000080000000,0x0000000080a6da28,0x0000000085a80000)
 Metaspace       used 32756K, capacity 33764K, committed 33968K, reserved 1079296K
  class space    used 4476K, capacity 4718K, committed 4784K, reserved 1048576K
}
Event: 2.884 GC heap before
{Heap before GC invocations=7 (full 1):
 PSYoungGen      total 140800K, used 42864K [0x00000000d5580000, 0x00000000e4900000, 0x0000000100000000)
  eden space 130048K, 24% used [0x00000000d5580000,0x00000000d74e0cd0,0x00000000dd480000)
  from space 10752K, 99% used [0x00000000dd480000,0x00000000ddefb560,0x00000000ddf00000)
  to   space 15872K, 0% used [0x00000000e3980000,0x00000000e3980000,0x00000000e4900000)
 ParOldGen       total 92672K, used 10678K [0x0000000080000000, 0x0000000085a80000, 0x00000000d5580000)
  object space 92672K, 11% used [0x0000000080000000,0x0000000080a6da28,0x0000000085a80000)
 Metaspace       used 34329K, capacity 35420K, committed 35496K, reserved 1079296K
  class space    used 4725K, capacity 5003K, committed 5040K, reserved 1048576K
Event: 2.889 GC heap after
Heap after GC invocations=7 (full 1):
 PSYoungGen      total 233984K, used 8346K [0x00000000d5580000, 0x00000000e4b80000, 0x0000000100000000)
  eden space 218112K, 0% used [0x00000000d5580000,0x00000000d5580000,0x00000000e2a80000)
  from space 15872K, 52% used [0x00000000e3980000,0x00000000e41a6928,0x00000000e4900000)
  to   space 15360K, 0% used [0x00000000e2a80000,0x00000000e2a80000,0x00000000e3980000)
 ParOldGen       total 92672K, used 10686K [0x0000000080000000, 0x0000000085a80000, 0x00000000d5580000)
  object space 92672K, 11% used [0x0000000080000000,0x0000000080a6fa28,0x0000000085a80000)
 Metaspace       used 34329K, capacity 35420K, committed 35496K, reserved 1079296K
  class space    used 4725K, capacity 5003K, committed 5040K, reserved 1048576K
}
Event: 2.889 GC heap before
{Heap before GC invocations=8 (full 2):
 PSYoungGen      total 233984K, used 8346K [0x00000000d5580000, 0x00000000e4b80000, 0x0000000100000000)
  eden space 218112K, 0% used [0x00000000d5580000,0x00000000d5580000,0x00000000e2a80000)
  from space 15872K, 52% used [0x00000000e3980000,0x00000000e41a6928,0x00000000e4900000)
  to   space 15360K, 0% used [0x00000000e2a80000,0x00000000e2a80000,0x00000000e3980000)
 ParOldGen       total 92672K, used 10686K [0x0000000080000000, 0x0000000085a80000, 0x00000000d5580000)
  object space 92672K, 11% used [0x0000000080000000,0x0000000080a6fa28,0x0000000085a80000)
 Metaspace       used 34329K, capacity 35420K, committed 35496K, reserved 1079296K
  class space    used 4725K, capacity 5003K, committed 5040K, reserved 1048576K
Event: 2.920 GC heap after
Heap after GC invocations=8 (full 2):
 PSYoungGen      total 233984K, used 0K [0x00000000d5580000, 0x00000000e4b80000, 0x0000000100000000)
  eden space 218112K, 0% used [0x00000000d5580000,0x00000000d5580000,0x00000000e2a80000)
  from space 15872K, 0% used [0x00000000e3980000,0x00000000e3980000,0x00000000e4900000)
  to   space 15360K, 0% used [0x00000000e2a80000,0x00000000e2a80000,0x00000000e3980000)
 ParOldGen       total 141312K, used 14682K [0x0000000080000000, 0x0000000088a00000, 0x00000000d5580000)
  object space 141312K, 10% used [0x0000000080000000,0x0000000080e56950,0x0000000088a00000)
 Metaspace       used 34329K, capacity 35420K, committed 35496K, reserved 1079296K
  class space    used 4725K, capacity 5003K, committed 5040K, reserved 1048576K
}
Event: 3.873 GC heap before
{Heap before GC invocations=9 (full 2):
 PSYoungGen      total 233984K, used 218112K [0x00000000d5580000, 0x00000000e4b80000, 0x0000000100000000)
  eden space 218112K, 100% used [0x00000000d5580000,0x00000000e2a80000,0x00000000e2a80000)
  from space 15872K, 0% used [0x00000000e3980000,0x00000000e3980000,0x00000000e4900000)
  to   space 15360K, 0% used [0x00000000e2a80000,0x00000000e2a80000,0x00000000e3980000)
 ParOldGen       total 141312K, used 14682K [0x0000000080000000, 0x0000000088a00000, 0x00000000d5580000)
  object space 141312K, 10% used [0x0000000080000000,0x0000000080e56950,0x0000000088a00000)
 Metaspace       used 45823K, capacity 47768K, committed 47912K, reserved 1091584K
  class space    used 6204K, capacity 6608K, committed 6704K, reserved 1048576K
Event: 3.883 GC heap after
Heap after GC invocations=9 (full 2):
 PSYoungGen      total 233472K, used 15357K [0x00000000d5580000, 0x00000000eba00000, 0x0000000100000000)
  eden space 218112K, 0% used [0x00000000d5580000,0x00000000d5580000,0x00000000e2a80000)
  from space 15360K, 99% used [0x00000000e2a80000,0x00000000e397f6b8,0x00000000e3980000)
  to   space 18944K, 0% used [0x00000000ea780000,0x00000000ea780000,0x00000000eba00000)
 ParOldGen       total 141312K, used 17631K [0x0000000080000000, 0x0000000088a00000, 0x00000000d5580000)
  object space 141312K, 12% used [0x0000000080000000,0x0000000081137f00,0x0000000088a00000)
 Metaspace       used 45823K, capacity 47768K, committed 47912K, reserved 1091584K
  class space    used 6204K, capacity 6608K, committed 6704K, reserved 1048576K
}

