# JRE version: OpenJDK Runtime Environment (8.0_242-b01) (build 1.8.0_242-release-1644-b01)
# Java VM: OpenJDK 64-Bit Server VM (25.242-b01 mixed mode windows-amd64 compressed oops)
Heap:
 PSYoungGen      total 226304K, used 120822K [0x00000000d5580000, 0x00000000e4180000, 0x0000000100000000)
  eden space 210432K, 57% used [0x00000000d5580000,0x00000000dcb7d910,0x00000000e2300000)
  from space 15872K, 0% used [0x00000000e3200000,0x00000000e3200000,0x00000000e4180000)
  to   space 15360K, 0% used [0x00000000e2300000,0x00000000e2300000,0x00000000e3200000)
 ParOldGen       total 147968K, used 14729K [0x0000000080000000, 0x0000000089080000, 0x00000000d5580000)
  object space 147968K, 9% used [0x0000000080000000,0x0000000080e62420,0x0000000089080000)
 Metaspace       used 36584K, capacity 38162K, committed 38440K, reserved 1083392K
  class space    used 5049K, capacity 5348K, committed 5424K, reserved 1048576K
GC Heap History (10 events):
Event: 1.930 GC heap before
{Heap before GC invocations=4 (full 0):
 PSYoungGen      total 75776K, used 20881K [0x00000000d5580000, 0x00000000de980000, 0x0000000100000000)
  eden space 65024K, 15% used [0x00000000d5580000,0x00000000d5f6c368,0x00000000d9500000)
  from space 10752K, 99% used [0x00000000d9500000,0x00000000d9f78310,0x00000000d9f80000)
  to   space 10752K, 0% used [0x00000000ddf00000,0x00000000ddf00000,0x00000000de980000)
 ParOldGen       total 173568K, used 816K [0x0000000080000000, 0x000000008a980000, 0x00000000d5580000)
  object space 173568K, 0% used [0x0000000080000000,0x00000000800cc198,0x000000008a980000)
 Metaspace       used 20558K, capacity 21224K, committed 21296K, reserved 1067008K
  class space    used 2873K, capacity 3076K, committed 3120K, reserved 1048576K
Event: 1.936 GC heap after
Heap after GC invocations=4 (full 0):
 PSYoungGen      total 140800K, used 7430K [0x00000000d5580000, 0x00000000de980000, 0x0000000100000000)
  eden space 130048K, 0% used [0x00000000d5580000,0x00000000d5580000,0x00000000dd480000)
  from space 10752K, 69% used [0x00000000ddf00000,0x00000000de6418b8,0x00000000de980000)
  to   space 10752K, 0% used [0x00000000dd480000,0x00000000dd480000,0x00000000ddf00000)
 ParOldGen       total 173568K, used 824K [0x0000000080000000, 0x000000008a980000, 0x00000000d5580000)
  object space 173568K, 0% used [0x0000000080000000,0x00000000800ce198,0x000000008a980000)
 Metaspace       used 20558K, capacity 21224K, committed 21296K, reserved 1067008K
  class space    used 2873K, capacity 3076K, committed 3120K, reserved 1048576K
}
Event: 1.936 GC heap before
{Heap before GC invocations=5 (full 1):
 PSYoungGen      total 140800K, used 7430K [0x00000000d5580000, 0x00000000de980000, 0x0000000100000000)
  eden space 130048K, 0% used [0x00000000d5580000,0x00000000d5580000,0x00000000dd480000)
  from space 10752K, 69% used [0x00000000ddf00000,0x00000000de6418b8,0x00000000de980000)
  to   space 10752K, 0% used [0x00000000dd480000,0x00000000dd480000,0x00000000ddf00000)
 ParOldGen       total 173568K, used 824K [0x0000000080000000, 0x000000008a980000, 0x00000000d5580000)
  object space 173568K, 0% used [0x0000000080000000,0x00000000800ce198,0x000000008a980000)
 Metaspace       used 20558K, capacity 21224K, committed 21296K, reserved 1067008K
  class space    used 2873K, capacity 3076K, committed 3120K, reserved 1048576K
Event: 1.966 GC heap after
Heap after GC invocations=5 (full 1):
 PSYoungGen      total 140800K, used 0K [0x00000000d5580000, 0x00000000de980000, 0x0000000100000000)
  eden space 130048K, 0% used [0x00000000d5580000,0x00000000d5580000,0x00000000dd480000)
  from space 10752K, 0% used [0x00000000ddf00000,0x00000000ddf00000,0x00000000de980000)
  to   space 10752K, 0% used [0x00000000dd480000,0x00000000dd480000,0x00000000ddf00000)
 ParOldGen       total 96256K, used 7178K [0x0000000080000000, 0x0000000085e00000, 0x00000000d5580000)
  object space 96256K, 7% used [0x0000000080000000,0x0000000080702a90,0x0000000085e00000)
 Metaspace       used 20558K, capacity 21224K, committed 21296K, reserved 1067008K
  class space    used 2873K, capacity 3076K, committed 3120K, reserved 1048576K
}
Event: 2.909 GC heap before
{Heap before GC invocations=6 (full 1):
 PSYoungGen      total 140800K, used 130048K [0x00000000d5580000, 0x00000000de980000, 0x0000000100000000)
  eden space 130048K, 100% used [0x00000000d5580000,0x00000000dd480000,0x00000000dd480000)
  from space 10752K, 0% used [0x00000000ddf00000,0x00000000ddf00000,0x00000000de980000)
  to   space 10752K, 0% used [0x00000000dd480000,0x00000000dd480000,0x00000000ddf00000)
 ParOldGen       total 96256K, used 7178K [0x0000000080000000, 0x0000000085e00000, 0x00000000d5580000)
  object space 96256K, 7% used [0x0000000080000000,0x0000000080702a90,0x0000000085e00000)
 Metaspace       used 32700K, capacity 33732K, committed 33968K, reserved 1079296K
  class space    used 4475K, capacity 4750K, committed 4784K, reserved 1048576K
Event: 2.921 GC heap after
Heap after GC invocations=6 (full 1):
 PSYoungGen      total 140800K, used 10721K [0x00000000d5580000, 0x00000000e4180000, 0x0000000100000000)
  eden space 130048K, 0% used [0x00000000d5580000,0x00000000d5580000,0x00000000dd480000)
  from space 10752K, 99% used [0x00000000dd480000,0x00000000ddef85c8,0x00000000ddf00000)
  to   space 15872K, 0% used [0x00000000e3200000,0x00000000e3200000,0x00000000e4180000)
 ParOldGen       total 96256K, used 10544K [0x0000000080000000, 0x0000000085e00000, 0x00000000d5580000)
  object space 96256K, 10% used [0x0000000080000000,0x0000000080a4c300,0x0000000085e00000)
 Metaspace       used 32700K, capacity 33732K, committed 33968K, reserved 1079296K
  class space    used 4475K, capacity 4750K, committed 4784K, reserved 1048576K
}
Event: 3.132 GC heap before
{Heap before GC invocations=7 (full 1):
 PSYoungGen      total 140800K, used 44177K [0x00000000d5580000, 0x00000000e4180000, 0x0000000100000000)
  eden space 130048K, 25% used [0x00000000d5580000,0x00000000d762bfb8,0x00000000dd480000)
  from space 10752K, 99% used [0x00000000dd480000,0x00000000ddef85c8,0x00000000ddf00000)
  to   space 15872K, 0% used [0x00000000e3200000,0x00000000e3200000,0x00000000e4180000)
 ParOldGen       total 96256K, used 10544K [0x0000000080000000, 0x0000000085e00000, 0x00000000d5580000)
  object space 96256K, 10% used [0x0000000080000000,0x0000000080a4c300,0x0000000085e00000)
 Metaspace       used 34350K, capacity 35420K, committed 35496K, reserved 1079296K
  class space    used 4733K, capacity 5003K, committed 5040K, reserved 1048576K
Event: 3.137 GC heap after
Heap after GC invocations=7 (full 1):
 PSYoungGen      total 226304K, used 8341K [0x00000000d5580000, 0x00000000e4180000, 0x0000000100000000)
  eden space 210432K, 0% used [0x00000000d5580000,0x00000000d5580000,0x00000000e2300000)
  from space 15872K, 52% used [0x00000000e3200000,0x00000000e3a256b8,0x00000000e4180000)
  to   space 15360K, 0% used [0x00000000e2300000,0x00000000e2300000,0x00000000e3200000)
 ParOldGen       total 96256K, used 10552K [0x0000000080000000, 0x0000000085e00000, 0x00000000d5580000)
  object space 96256K, 10% used [0x0000000080000000,0x0000000080a4e300,0x0000000085e00000)
 Metaspace       used 34350K, capacity 35420K, committed 35496K, reserved 1079296K
  class space    used 4733K, capacity 5003K, committed 5040K, reserved 1048576K
}
Event: 3.137 GC heap before
{Heap before GC invocations=8 (full 2):
 PSYoungGen      total 226304K, used 8341K [0x00000000d5580000, 0x00000000e4180000, 0x0000000100000000)
  eden space 210432K, 0% used [0x00000000d5580000,0x00000000d5580000,0x00000000e2300000)
  from space 15872K, 52% used [0x00000000e3200000,0x00000000e3a256b8,0x00000000e4180000)
  to   space 15360K, 0% used [0x00000000e2300000,0x00000000e2300000,0x00000000e3200000)
 ParOldGen       total 96256K, used 10552K [0x0000000080000000, 0x0000000085e00000, 0x00000000d5580000)
  object space 96256K, 10% used [0x0000000080000000,0x0000000080a4e300,0x0000000085e00000)
 Metaspace       used 34350K, capacity 35420K, committed 35496K, reserved 1079296K
  class space    used 4733K, capacity 5003K, committed 5040K, reserved 1048576K
Event: 3.173 GC heap after
Heap after GC invocations=8 (full 2):
 PSYoungGen      total 226304K, used 0K [0x00000000d5580000, 0x00000000e4180000, 0x0000000100000000)
  eden space 210432K, 0% used [0x00000000d5580000,0x00000000d5580000,0x00000000e2300000)
  from space 15872K, 0% used [0x00000000e3200000,0x00000000e3200000,0x00000000e4180000)
  to   space 15360K, 0% used [0x00000000e2300000,0x00000000e2300000,0x00000000e3200000)
 ParOldGen       total 147968K, used 14729K [0x0000000080000000, 0x0000000089080000, 0x00000000d5580000)
  object space 147968K, 9% used [0x0000000080000000,0x0000000080e62420,0x0000000089080000)
 Metaspace       used 34350K, capacity 35420K, committed 35496K, reserved 1079296K
  class space    used 4733K, capacity 5003K, committed 5040K, reserved 1048576K
}

