# JRE version: OpenJDK Runtime Environment (8.0_242-b01) (build 1.8.0_242-release-1644-b01)
# Java VM: OpenJDK 64-Bit Server VM (25.242-b01 mixed mode windows-amd64 compressed oops)
Heap:
 PSYoungGen      total 254464K, used 107003K [0x00000000d5580000, 0x00000000e6800000, 0x0000000100000000)
  eden space 230912K, 46% used [0x00000000d5580000,0x00000000dbdfee60,0x00000000e3700000)
  from space 23552K, 0% used [0x00000000e3700000,0x00000000e3700000,0x00000000e4e00000)
  to   space 22016K, 0% used [0x00000000e4e00000,0x00000000e4e00000,0x00000000e6380000)
 ParOldGen       total 223744K, used 162310K [0x0000000080000000, 0x000000008da80000, 0x00000000d5580000)
  object space 223744K, 72% used [0x0000000080000000,0x0000000089e81898,0x000000008da80000)
 Metaspace       used 76457K, capacity 79984K, committed 81304K, reserved 1120256K
  class space    used 10489K, capacity 11159K, committed 11440K, reserved 1048576K
GC Heap History (10 events):
Event: 10.880 GC heap before
{Heap before GC invocations=15 (full 3):
 PSYoungGen      total 214016K, used 209874K [0x00000000d5580000, 0x00000000e6380000, 0x0000000100000000)
  eden space 193024K, 100% used [0x00000000d5580000,0x00000000e1200000,0x00000000e1200000)
  from space 20992K, 80% used [0x00000000e1200000,0x00000000e2274820,0x00000000e2680000)
  to   space 22016K, 0% used [0x00000000e4e00000,0x00000000e4e00000,0x00000000e6380000)
 ParOldGen       total 223744K, used 38643K [0x0000000080000000, 0x000000008da80000, 0x00000000d5580000)
  object space 223744K, 17% used [0x0000000080000000,0x00000000825bcc28,0x000000008da80000)
 Metaspace       used 66058K, capacity 69416K, committed 69656K, reserved 1110016K
  class space    used 9090K, capacity 9721K, committed 9776K, reserved 1048576K
Event: 10.895 GC heap after
Heap after GC invocations=15 (full 3):
 PSYoungGen      total 252928K, used 19304K [0x00000000d5580000, 0x00000000e6800000, 0x0000000100000000)
  eden space 230912K, 0% used [0x00000000d5580000,0x00000000d5580000,0x00000000e3700000)
  from space 22016K, 87% used [0x00000000e4e00000,0x00000000e60da1e8,0x00000000e6380000)
  to   space 23552K, 0% used [0x00000000e3700000,0x00000000e3700000,0x00000000e4e00000)
 ParOldGen       total 223744K, used 38651K [0x0000000080000000, 0x000000008da80000, 0x00000000d5580000)
  object space 223744K, 17% used [0x0000000080000000,0x00000000825bec28,0x000000008da80000)
 Metaspace       used 66058K, capacity 69416K, committed 69656K, reserved 1110016K
  class space    used 9090K, capacity 9721K, committed 9776K, reserved 1048576K
}
Event: 11.877 GC heap before
{Heap before GC invocations=16 (full 3):
 PSYoungGen      total 252928K, used 250216K [0x00000000d5580000, 0x00000000e6800000, 0x0000000100000000)
  eden space 230912K, 100% used [0x00000000d5580000,0x00000000e3700000,0x00000000e3700000)
  from space 22016K, 87% used [0x00000000e4e00000,0x00000000e60da1e8,0x00000000e6380000)
  to   space 23552K, 0% used [0x00000000e3700000,0x00000000e3700000,0x00000000e4e00000)
 ParOldGen       total 223744K, used 38651K [0x0000000080000000, 0x000000008da80000, 0x00000000d5580000)
  object space 223744K, 17% used [0x0000000080000000,0x00000000825bec28,0x000000008da80000)
 Metaspace       used 70327K, capacity 73878K, committed 74136K, reserved 1114112K
  class space    used 9620K, capacity 10290K, committed 10416K, reserved 1048576K
Event: 11.898 GC heap after
Heap after GC invocations=16 (full 3):
 PSYoungGen      total 254464K, used 23534K [0x00000000d5580000, 0x00000000e6800000, 0x0000000100000000)
  eden space 230912K, 0% used [0x00000000d5580000,0x00000000d5580000,0x00000000e3700000)
  from space 23552K, 99% used [0x00000000e3700000,0x00000000e4dfb860,0x00000000e4e00000)
  to   space 22016K, 0% used [0x00000000e4e00000,0x00000000e4e00000,0x00000000e6380000)
 ParOldGen       total 223744K, used 44163K [0x0000000080000000, 0x000000008da80000, 0x00000000d5580000)
  object space 223744K, 19% used [0x0000000080000000,0x0000000082b20d88,0x000000008da80000)
 Metaspace       used 70327K, capacity 73878K, committed 74136K, reserved 1114112K
  class space    used 9620K, capacity 10290K, committed 10416K, reserved 1048576K
}
Event: 12.442 GC heap before
{Heap before GC invocations=17 (full 3):
 PSYoungGen      total 254464K, used 254302K [0x00000000d5580000, 0x00000000e6800000, 0x0000000100000000)
  eden space 230912K, 99% used [0x00000000d5580000,0x00000000e36dc228,0x00000000e3700000)
  from space 23552K, 99% used [0x00000000e3700000,0x00000000e4dfb860,0x00000000e4e00000)
  to   space 22016K, 0% used [0x00000000e4e00000,0x00000000e4e00000,0x00000000e6380000)
 ParOldGen       total 223744K, used 44163K [0x0000000080000000, 0x000000008da80000, 0x00000000d5580000)
  object space 223744K, 19% used [0x0000000080000000,0x0000000082b20d88,0x000000008da80000)
 Metaspace       used 72716K, capacity 76362K, committed 76440K, reserved 1116160K
  class space    used 9953K, capacity 10634K, committed 10672K, reserved 1048576K
Event: 12.464 GC heap after
Heap after GC invocations=17 (full 3):
 PSYoungGen      total 252928K, used 22005K [0x00000000d5580000, 0x00000000e6800000, 0x0000000100000000)
  eden space 230912K, 0% used [0x00000000d5580000,0x00000000d5580000,0x00000000e3700000)
  from space 22016K, 99% used [0x00000000e4e00000,0x00000000e637d610,0x00000000e6380000)
  to   space 23552K, 0% used [0x00000000e3700000,0x00000000e3700000,0x00000000e4e00000)
 ParOldGen       total 223744K, used 72840K [0x0000000080000000, 0x000000008da80000, 0x00000000d5580000)
  object space 223744K, 32% used [0x0000000080000000,0x0000000084722318,0x000000008da80000)
 Metaspace       used 72716K, capacity 76362K, committed 76440K, reserved 1116160K
  class space    used 9953K, capacity 10634K, committed 10672K, reserved 1048576K
}
Event: 13.268 GC heap before
{Heap before GC invocations=18 (full 3):
 PSYoungGen      total 252928K, used 252917K [0x00000000d5580000, 0x00000000e6800000, 0x0000000100000000)
  eden space 230912K, 100% used [0x00000000d5580000,0x00000000e3700000,0x00000000e3700000)
  from space 22016K, 99% used [0x00000000e4e00000,0x00000000e637d610,0x00000000e6380000)
  to   space 23552K, 0% used [0x00000000e3700000,0x00000000e3700000,0x00000000e4e00000)
 ParOldGen       total 223744K, used 72840K [0x0000000080000000, 0x000000008da80000, 0x00000000d5580000)
  object space 223744K, 32% used [0x0000000080000000,0x0000000084722318,0x000000008da80000)
 Metaspace       used 76582K, capacity 80886K, committed 81048K, reserved 1118208K
  class space    used 10596K, capacity 11356K, committed 11440K, reserved 1048576K
Event: 13.340 GC heap after
Heap after GC invocations=18 (full 3):
 PSYoungGen      total 254464K, used 23543K [0x00000000d5580000, 0x00000000e6800000, 0x0000000100000000)
  eden space 230912K, 0% used [0x00000000d5580000,0x00000000d5580000,0x00000000e3700000)
  from space 23552K, 99% used [0x00000000e3700000,0x00000000e4dfdf78,0x00000000e4e00000)
  to   space 22016K, 0% used [0x00000000e4e00000,0x00000000e4e00000,0x00000000e6380000)
 ParOldGen       total 223744K, used 176626K [0x0000000080000000, 0x000000008da80000, 0x00000000d5580000)
  object space 223744K, 78% used [0x0000000080000000,0x000000008ac7cb20,0x000000008da80000)
 Metaspace       used 76582K, capacity 80886K, committed 81048K, reserved 1118208K
  class space    used 10596K, capacity 11356K, committed 11440K, reserved 1048576K
}
Event: 13.340 GC heap before
{Heap before GC invocations=19 (full 4):
 PSYoungGen      total 254464K, used 23543K [0x00000000d5580000, 0x00000000e6800000, 0x0000000100000000)
  eden space 230912K, 0% used [0x00000000d5580000,0x00000000d5580000,0x00000000e3700000)
  from space 23552K, 99% used [0x00000000e3700000,0x00000000e4dfdf78,0x00000000e4e00000)
  to   space 22016K, 0% used [0x00000000e4e00000,0x00000000e4e00000,0x00000000e6380000)
 ParOldGen       total 223744K, used 176626K [0x0000000080000000, 0x000000008da80000, 0x00000000d5580000)
  object space 223744K, 78% used [0x0000000080000000,0x000000008ac7cb20,0x000000008da80000)
 Metaspace       used 76582K, capacity 80886K, committed 81048K, reserved 1118208K
  class space    used 10596K, capacity 11356K, committed 11440K, reserved 1048576K
Event: 13.664 GC heap after
Heap after GC invocations=19 (full 4):
 PSYoungGen      total 254464K, used 0K [0x00000000d5580000, 0x00000000e6800000, 0x0000000100000000)
  eden space 230912K, 0% used [0x00000000d5580000,0x00000000d5580000,0x00000000e3700000)
  from space 23552K, 0% used [0x00000000e3700000,0x00000000e3700000,0x00000000e4e00000)
  to   space 22016K, 0% used [0x00000000e4e00000,0x00000000e4e00000,0x00000000e6380000)
 ParOldGen       total 223744K, used 162310K [0x0000000080000000, 0x000000008da80000, 0x00000000d5580000)
  object space 223744K, 72% used [0x0000000080000000,0x0000000089e81898,0x000000008da80000)
 Metaspace       used 76144K, capacity 79626K, committed 81048K, reserved 1118208K
  class space    used 10451K, capacity 11102K, committed 11440K, reserved 1048576K
}

