# JRE version: OpenJDK Runtime Environment (8.0_242-b01) (build 1.8.0_242-release-1644-b01)
# Java VM: OpenJDK 64-Bit Server VM (25.242-b01 mixed mode windows-amd64 compressed oops)
Heap:
 PSYoungGen      total 594432K, used 216032K [0x00000000d5580000, 0x00000000ffd80000, 0x0000000100000000)
  eden space 515072K, 40% used [0x00000000d5580000,0x00000000e1fef448,0x00000000f4c80000)
  from space 79360K, 11% used [0x00000000f9e80000,0x00000000fa708ea0,0x00000000fec00000)
  to   space 83968K, 0% used [0x00000000f4c80000,0x00000000f4c80000,0x00000000f9e80000)
 ParOldGen       total 441856K, used 194570K [0x0000000080000000, 0x000000009af80000, 0x00000000d5580000)
  object space 441856K, 44% used [0x0000000080000000,0x000000008be02bc8,0x000000009af80000)
 Metaspace       used 88234K, capacity 92952K, committed 93464K, reserved 1132544K
  class space    used 11904K, capacity 12766K, committed 12848K, reserved 1048576K
GC Heap History (10 events):
Event: 12.716 GC heap before
{Heap before GC invocations=12 (full 3):
 PSYoungGen      total 377856K, used 358912K [0x00000000d5580000, 0x00000000ee900000, 0x0000000100000000)
  eden space 358912K, 100% used [0x00000000d5580000,0x00000000eb400000,0x00000000eb400000)
  from space 18944K, 0% used [0x00000000ecd00000,0x00000000ecd00000,0x00000000edf80000)
  to   space 25600K, 0% used [0x00000000eb400000,0x00000000eb400000,0x00000000ecd00000)
 ParOldGen       total 195584K, used 40108K [0x0000000080000000, 0x000000008bf00000, 0x00000000d5580000)
  object space 195584K, 20% used [0x0000000080000000,0x000000008272b258,0x000000008bf00000)
 Metaspace       used 65201K, capacity 68884K, committed 69144K, reserved 1107968K
  class space    used 9009K, capacity 9699K, committed 9776K, reserved 1048576K
Event: 12.730 GC heap after
Heap after GC invocations=12 (full 3):
 PSYoungGen      total 384512K, used 24200K [0x00000000d5580000, 0x00000000f3000000, 0x0000000100000000)
  eden space 358912K, 0% used [0x00000000d5580000,0x00000000d5580000,0x00000000eb400000)
  from space 25600K, 94% used [0x00000000eb400000,0x00000000ecba2330,0x00000000ecd00000)
  to   space 28672K, 0% used [0x00000000f1400000,0x00000000f1400000,0x00000000f3000000)
 ParOldGen       total 195584K, used 40116K [0x0000000080000000, 0x000000008bf00000, 0x00000000d5580000)
  object space 195584K, 20% used [0x0000000080000000,0x000000008272d258,0x000000008bf00000)
 Metaspace       used 65201K, capacity 68884K, committed 69144K, reserved 1107968K
  class space    used 9009K, capacity 9699K, committed 9776K, reserved 1048576K
}
Event: 13.556 GC heap before
{Heap before GC invocations=13 (full 3):
 PSYoungGen      total 384512K, used 383112K [0x00000000d5580000, 0x00000000f3000000, 0x0000000100000000)
  eden space 358912K, 100% used [0x00000000d5580000,0x00000000eb400000,0x00000000eb400000)
  from space 25600K, 94% used [0x00000000eb400000,0x00000000ecba2330,0x00000000ecd00000)
  to   space 28672K, 0% used [0x00000000f1400000,0x00000000f1400000,0x00000000f3000000)
 ParOldGen       total 195584K, used 40116K [0x0000000080000000, 0x000000008bf00000, 0x00000000d5580000)
  object space 195584K, 20% used [0x0000000080000000,0x000000008272d258,0x000000008bf00000)
 Metaspace       used 69903K, capacity 73914K, committed 74136K, reserved 1114112K
  class space    used 9629K, capacity 10348K, committed 10416K, reserved 1048576K
Event: 13.575 GC heap after
Heap after GC invocations=13 (full 3):
 PSYoungGen      total 445440K, used 28655K [0x00000000d5580000, 0x00000000f4b80000, 0x0000000100000000)
  eden space 416768K, 0% used [0x00000000d5580000,0x00000000d5580000,0x00000000eec80000)
  from space 28672K, 99% used [0x00000000f1400000,0x00000000f2ffbd68,0x00000000f3000000)
  to   space 40448K, 0% used [0x00000000eec80000,0x00000000eec80000,0x00000000f1400000)
 ParOldGen       total 195584K, used 60179K [0x0000000080000000, 0x000000008bf00000, 0x00000000d5580000)
  object space 195584K, 30% used [0x0000000080000000,0x0000000083ac4f98,0x000000008bf00000)
 Metaspace       used 69903K, capacity 73914K, committed 74136K, reserved 1114112K
  class space    used 9629K, capacity 10348K, committed 10416K, reserved 1048576K
}
Event: 15.114 GC heap before
{Heap before GC invocations=14 (full 3):
 PSYoungGen      total 445440K, used 445423K [0x00000000d5580000, 0x00000000f4b80000, 0x0000000100000000)
  eden space 416768K, 100% used [0x00000000d5580000,0x00000000eec80000,0x00000000eec80000)
  from space 28672K, 99% used [0x00000000f1400000,0x00000000f2ffbd68,0x00000000f3000000)
  to   space 40448K, 0% used [0x00000000eec80000,0x00000000eec80000,0x00000000f1400000)
 ParOldGen       total 195584K, used 60179K [0x0000000080000000, 0x000000008bf00000, 0x00000000d5580000)
  object space 195584K, 30% used [0x0000000080000000,0x0000000083ac4f98,0x000000008bf00000)
 Metaspace       used 75997K, capacity 80566K, committed 80792K, reserved 1118208K
  class space    used 10559K, capacity 11378K, committed 11440K, reserved 1048576K
Event: 15.180 GC heap after
Heap after GC invocations=14 (full 3):
 PSYoungGen      total 457216K, used 40418K [0x00000000d5580000, 0x00000000fec00000, 0x0000000100000000)
  eden space 416768K, 0% used [0x00000000d5580000,0x00000000d5580000,0x00000000eec80000)
  from space 40448K, 99% used [0x00000000eec80000,0x00000000f13f8b10,0x00000000f1400000)
  to   space 79360K, 0% used [0x00000000f9e80000,0x00000000f9e80000,0x00000000fec00000)
 ParOldGen       total 195584K, used 149208K [0x0000000080000000, 0x000000008bf00000, 0x00000000d5580000)
  object space 195584K, 76% used [0x0000000080000000,0x00000000891b6098,0x000000008bf00000)
 Metaspace       used 75997K, capacity 80566K, committed 80792K, reserved 1118208K
  class space    used 10559K, capacity 11378K, committed 11440K, reserved 1048576K
}
Event: 16.322 GC heap before
{Heap before GC invocations=15 (full 3):
 PSYoungGen      total 457216K, used 457186K [0x00000000d5580000, 0x00000000fec00000, 0x0000000100000000)
  eden space 416768K, 100% used [0x00000000d5580000,0x00000000eec80000,0x00000000eec80000)
  from space 40448K, 99% used [0x00000000eec80000,0x00000000f13f8b10,0x00000000f1400000)
  to   space 79360K, 0% used [0x00000000f9e80000,0x00000000f9e80000,0x00000000fec00000)
 ParOldGen       total 195584K, used 149208K [0x0000000080000000, 0x000000008bf00000, 0x00000000d5580000)
  object space 195584K, 76% used [0x0000000080000000,0x00000000891b6098,0x000000008bf00000)
 Metaspace       used 78917K, capacity 83916K, committed 83992K, reserved 1122304K
  class space    used 10876K, capacity 11761K, committed 11824K, reserved 1048576K
Event: 16.367 GC heap after
Heap after GC invocations=15 (full 3):
 PSYoungGen      total 594432K, used 55207K [0x00000000d5580000, 0x00000000ffd80000, 0x0000000100000000)
  eden space 515072K, 0% used [0x00000000d5580000,0x00000000d5580000,0x00000000f4c80000)
  from space 79360K, 69% used [0x00000000f9e80000,0x00000000fd469da8,0x00000000fec00000)
  to   space 83968K, 0% used [0x00000000f4c80000,0x00000000f4c80000,0x00000000f9e80000)
 ParOldGen       total 195584K, used 176605K [0x0000000080000000, 0x000000008bf00000, 0x00000000d5580000)
  object space 195584K, 90% used [0x0000000080000000,0x000000008ac77640,0x000000008bf00000)
 Metaspace       used 78917K, capacity 83916K, committed 83992K, reserved 1122304K
  class space    used 10876K, capacity 11761K, committed 11824K, reserved 1048576K
}
Event: 16.367 GC heap before
{Heap before GC invocations=16 (full 4):
 PSYoungGen      total 594432K, used 55207K [0x00000000d5580000, 0x00000000ffd80000, 0x0000000100000000)
  eden space 515072K, 0% used [0x00000000d5580000,0x00000000d5580000,0x00000000f4c80000)
  from space 79360K, 69% used [0x00000000f9e80000,0x00000000fd469da8,0x00000000fec00000)
  to   space 83968K, 0% used [0x00000000f4c80000,0x00000000f4c80000,0x00000000f9e80000)
 ParOldGen       total 195584K, used 176605K [0x0000000080000000, 0x000000008bf00000, 0x00000000d5580000)
  object space 195584K, 90% used [0x0000000080000000,0x000000008ac77640,0x000000008bf00000)
 Metaspace       used 78917K, capacity 83916K, committed 83992K, reserved 1122304K
  class space    used 10876K, capacity 11761K, committed 11824K, reserved 1048576K
Event: 16.824 GC heap after
Heap after GC invocations=16 (full 4):
 PSYoungGen      total 594432K, used 8739K [0x00000000d5580000, 0x00000000ffd80000, 0x0000000100000000)
  eden space 515072K, 0% used [0x00000000d5580000,0x00000000d5580000,0x00000000f4c80000)
  from space 79360K, 11% used [0x00000000f9e80000,0x00000000fa708ea0,0x00000000fec00000)
  to   space 83968K, 0% used [0x00000000f4c80000,0x00000000f4c80000,0x00000000f9e80000)
 ParOldGen       total 441856K, used 194570K [0x0000000080000000, 0x000000009af80000, 0x00000000d5580000)
  object space 441856K, 44% used [0x0000000080000000,0x000000008be02bc8,0x000000009af80000)
 Metaspace       used 78283K, capacity 82056K, committed 83992K, reserved 1122304K
  class space    used 10667K, capacity 11395K, committed 11824K, reserved 1048576K
}

